2025-06-28 13:22:54,584 [INFO] LogOutputStream:77 - [STDOUT_REDIRECT] StartTraceHandler.execute(), success : Collect=false
2025-06-28 13:22:56,366 [INFO] LogOutputStream:77 - [STDOUT_REDIRECT] StartTraceHandler.execute(), success : Collect=true
2025-06-28 13:27:19,966 [INFO] LogOutputStream:77 - [STDOUT_REDIRECT] StartTraceHandler.execute(), success : Collect=false
2025-06-28 13:27:36,264 [ERROR] LogOutputStream:75 - [STDERR_REDIRECT] Exception in thread "AWT-EventQueue-0" org.eclipse.swt.SWTException: Device is disposed
2025-06-28 13:27:36,264 [ERROR] LogOutputStream:75 - [STDERR_REDIRECT] 	at org.eclipse.swt.SWT.error(SWT.java:4922)
2025-06-28 13:27:36,265 [ERROR] LogOutputStream:75 - [STDERR_REDIRECT] 	at org.eclipse.swt.SWT.error(SWT.java:4837)
2025-06-28 13:27:36,265 [ERROR] LogOutputStream:75 - [STDERR_REDIRECT] 	at org.eclipse.swt.SWT.error(SWT.java:4808)
2025-06-28 13:27:36,265 [ERROR] LogOutputStream:75 - [STDERR_REDIRECT] 	at org.eclipse.swt.widgets.Display.error(Display.java:1551)
2025-06-28 13:27:36,265 [ERROR] LogOutputStream:75 - [STDERR_REDIRECT] 	at org.eclipse.swt.widgets.Display.asyncExec(Display.java:920)
2025-06-28 13:27:36,265 [ERROR] LogOutputStream:75 - [STDERR_REDIRECT] 	at com.st.stm32cube.common.mx.oss.core.awtswtbridge.AwtEnvironment$2.run(AwtEnvironment.java:168)
2025-06-28 13:27:36,266 [ERROR] LogOutputStream:75 - [STDERR_REDIRECT] 	at java.desktop/java.awt.event.InvocationEvent.dispatch(InvocationEvent.java:318)
2025-06-28 13:27:36,266 [ERROR] LogOutputStream:75 - [STDERR_REDIRECT] 	at java.desktop/java.awt.EventQueue.dispatchEventImpl(EventQueue.java:773)
2025-06-28 13:27:36,266 [ERROR] LogOutputStream:75 - [STDERR_REDIRECT] 	at java.desktop/java.awt.EventQueue$4.run(EventQueue.java:720)
2025-06-28 13:27:36,266 [ERROR] LogOutputStream:75 - [STDERR_REDIRECT] 	at java.desktop/java.awt.EventQueue$4.run(EventQueue.java:714)
2025-06-28 13:27:36,267 [ERROR] LogOutputStream:75 - [STDERR_REDIRECT] 	at java.base/java.security.AccessController.doPrivileged(AccessController.java:400)
2025-06-28 13:27:36,267 [ERROR] LogOutputStream:75 - [STDERR_REDIRECT] 	at java.base/java.security.ProtectionDomain$JavaSecurityAccessImpl.doIntersectionPrivilege(ProtectionDomain.java:87)
2025-06-28 13:27:36,267 [ERROR] LogOutputStream:75 - [STDERR_REDIRECT] 	at java.desktop/java.awt.EventQueue.dispatchEvent(EventQueue.java:742)
2025-06-28 13:27:36,267 [ERROR] LogOutputStream:75 - [STDERR_REDIRECT] 	at java.desktop/java.awt.EventDispatchThread.pumpOneEventForFilters(EventDispatchThread.java:203)
2025-06-28 13:27:36,267 [ERROR] LogOutputStream:75 - [STDERR_REDIRECT] 	at java.desktop/java.awt.EventDispatchThread.pumpEventsForFilter(EventDispatchThread.java:124)
2025-06-28 13:27:36,267 [ERROR] LogOutputStream:75 - [STDERR_REDIRECT] 	at java.desktop/java.awt.EventDispatchThread.pumpEventsForHierarchy(EventDispatchThread.java:113)
2025-06-28 13:27:36,268 [ERROR] LogOutputStream:75 - [STDERR_REDIRECT] 	at java.desktop/java.awt.EventDispatchThread.pumpEvents(EventDispatchThread.java:109)
2025-06-28 13:27:36,268 [ERROR] LogOutputStream:75 - [STDERR_REDIRECT] 	at java.desktop/java.awt.EventDispatchThread.pumpEvents(EventDispatchThread.java:101)
2025-06-28 13:27:36,268 [ERROR] LogOutputStream:75 - [STDERR_REDIRECT] 	at java.desktop/java.awt.EventDispatchThread.run(EventDispatchThread.java:90)
2025-06-28 13:27:36,498 [ERROR] LogOutputStream:75 - [STDERR_REDIRECT] Exception in thread "SWV client thread" java.lang.NullPointerException: Cannot invoke "com.st.stm32cube.ide.mcu.debug.swv.core.SWVPlugin.isDebugging()" because "com.st.stm32cube.ide.mcu.debug.swv.core.SWVPlugin.plugin" is null
2025-06-28 13:27:36,499 [ERROR] LogOutputStream:75 - [STDERR_REDIRECT] 	at com.st.stm32cube.ide.mcu.debug.swv.core.SWVPlugin.debugTrace(SWVPlugin.java:85)
2025-06-28 13:27:36,499 [ERROR] LogOutputStream:75 - [STDERR_REDIRECT] 	at com.st.stm32cube.ide.mcu.debug.swv.core.SWVClient.TRACE(SWVClient.java:768)
2025-06-28 13:27:36,499 [ERROR] LogOutputStream:75 - [STDERR_REDIRECT] 	at com.st.stm32cube.ide.mcu.debug.swv.core.SWVClient.readByte(SWVClient.java:296)
2025-06-28 13:27:36,500 [ERROR] LogOutputStream:75 - [STDERR_REDIRECT] 	at com.st.stm32cube.ide.mcu.debug.swv.core.SWVClient.getNextByte(SWVClient.java:277)
2025-06-28 13:27:36,500 [ERROR] LogOutputStream:75 - [STDERR_REDIRECT] 	at com.st.stm32cube.ide.mcu.debug.swv.core.SWVClient.run(SWVClient.java:313)
2025-06-28 13:27:37,035 [ERROR] LogOutputStream:75 - [STDERR_REDIRECT] 
2025-06-28 13:28:18,564 [INFO] Activator:176 - 


2025-06-28 13:28:18,566 [INFO] Activator:177 - !SESSION log4j initialized
2025-06-28 13:28:32,623 [INFO] LogOutputStream:77 - [STDOUT_REDIRECT] 
2025-06-28 13:28:35,054 [INFO] ApplicationProperties:184 - Using Application install path: /opt/st/stm32cubeide_1.18.0/plugins/com.st.stm32cube.common.mx_6.14.0.202502271554
2025-06-28 13:28:35,066 [INFO] DbMcusXml:78 - Set database path to: /opt/st/stm32cubeide_1.18.0/plugins/com.st.stm32cube.common.mx_6.14.0.202502271554//db//mcu/
2025-06-28 13:28:35,067 [INFO] ApiDb:274 - Set plugin database path to: /opt/st/stm32cubeide_1.18.0/plugins/com.st.stm32cube.common.mx_6.14.0.202502271554//db//plugins/boardmanager/
2025-06-28 13:28:35,067 [WARN] ApiDb:259 - Overriding images path with different value:  => /opt/st/stm32cubeide_1.18.0/plugins/com.st.stm32cube.common.mx_6.14.0.202502271554//db//plugins/mcufinder/images/
2025-06-28 13:28:35,178 [INFO] ApiDb:250 - Set database path to: /home/elhaloua/.stmcufinder/plugins/mcufinder//mcu/
2025-06-28 13:28:35,180 [INFO] DbMcusAds:125 - Set database path to: /home/elhaloua/.stmcufinder/plugins/mcufinder//mcu/
2025-06-28 13:28:35,184 [INFO] CrossReferenceDbSqlite:203 - Set database path to: /home/elhaloua/.stmcufinder/plugins/mcufinder//mcu/cs/
2025-06-28 13:28:35,457 [INFO] RulesReader:64 - Compatibility file has been processed (301 Rules)
2025-06-28 13:28:35,871 [INFO] DbMcusXml:78 - Set database path to: /opt/st/stm32cubeide_1.18.0/plugins/com.st.stm32cube.common.mx_6.14.0.202502271554//db//mcu/
2025-06-28 13:28:35,871 [INFO] ApiDb:274 - Set plugin database path to: /opt/st/stm32cubeide_1.18.0/plugins/com.st.stm32cube.common.mx_6.14.0.202502271554//db//plugins/boardmanager/
2025-06-28 13:28:35,872 [INFO] ApiDb:261 - Set plugin images path to: /opt/st/stm32cubeide_1.18.0/plugins/com.st.stm32cube.common.mx_6.14.0.202502271554//db//plugins/mcufinder/images/
2025-06-28 13:28:35,872 [WARN] DbFile:41 - Overriding database path with different value: /home/elhaloua/.stmcufinder/plugins/mcufinder/ => /home/elhaloua/.stmcufinder/plugins/mcufinder
2025-06-28 13:28:35,872 [INFO] ApiDb:250 - Set database path to: /home/elhaloua/.stmcufinder/plugins/mcufinder//mcu/
2025-06-28 13:28:35,872 [WARN] DbFile:41 - Overriding database path with different value: /home/elhaloua/.stmcufinder/plugins/mcufinder/ => /home/elhaloua/.stmcufinder/plugins/mcufinder
2025-06-28 13:28:35,872 [INFO] DbMcusAds:125 - Set database path to: /home/elhaloua/.stmcufinder/plugins/mcufinder//mcu/
2025-06-28 13:28:35,872 [WARN] DbFile:41 - Overriding database path with different value: /home/elhaloua/.stmcufinder/plugins/mcufinder/ => /home/elhaloua/.stmcufinder/plugins/mcufinder
2025-06-28 13:28:35,872 [WARN] DbFile:41 - Overriding database path with different value: /home/elhaloua/.stmcufinder/plugins/mcufinder/ => /home/elhaloua/.stmcufinder/plugins/mcufinder
2025-06-28 13:28:35,873 [INFO] CrossReferenceDbSqlite:203 - Set database path to: /home/elhaloua/.stmcufinder/plugins/mcufinder//mcu/cs/
2025-06-28 13:28:36,042 [INFO] MainPanel:272 - HeapMemory: 272629760
2025-06-28 13:28:36,460 [INFO] DbMcusXml:78 - Set database path to: /opt/st/stm32cubeide_1.18.0/plugins/com.st.stm32cube.common.mx_6.14.0.202502271554//db//mcu/
2025-06-28 13:28:36,460 [INFO] ApiDb:274 - Set plugin database path to: /opt/st/stm32cubeide_1.18.0/plugins/com.st.stm32cube.common.mx_6.14.0.202502271554//db//plugins/boardmanager/
2025-06-28 13:28:36,461 [INFO] ApiDb:261 - Set plugin images path to: /opt/st/stm32cubeide_1.18.0/plugins/com.st.stm32cube.common.mx_6.14.0.202502271554//db//plugins/mcufinder/images/
2025-06-28 13:28:36,461 [WARN] DbFile:41 - Overriding database path with different value: /home/elhaloua/.stmcufinder/plugins/mcufinder/ => /home/elhaloua/.stmcufinder/plugins/mcufinder
2025-06-28 13:28:36,461 [INFO] ApiDb:250 - Set database path to: /home/elhaloua/.stmcufinder/plugins/mcufinder//mcu/
2025-06-28 13:28:36,462 [WARN] DbFile:41 - Overriding database path with different value: /home/elhaloua/.stmcufinder/plugins/mcufinder/ => /home/elhaloua/.stmcufinder/plugins/mcufinder
2025-06-28 13:28:36,462 [INFO] DbMcusAds:125 - Set database path to: /home/elhaloua/.stmcufinder/plugins/mcufinder//mcu/
2025-06-28 13:28:36,462 [WARN] DbFile:41 - Overriding database path with different value: /home/elhaloua/.stmcufinder/plugins/mcufinder/ => /home/elhaloua/.stmcufinder/plugins/mcufinder
2025-06-28 13:28:36,462 [WARN] DbFile:41 - Overriding database path with different value: /home/elhaloua/.stmcufinder/plugins/mcufinder/ => /home/elhaloua/.stmcufinder/plugins/mcufinder
2025-06-28 13:28:36,462 [INFO] CrossReferenceDbSqlite:203 - Set database path to: /home/elhaloua/.stmcufinder/plugins/mcufinder//mcu/cs/
2025-06-28 13:28:36,487 [INFO] ApplicationProperties:184 - Using Application install path: /opt/st/stm32cubeide_1.18.0/plugins/com.st.stm32cube.common.mx_6.14.0.202502271554
2025-06-28 13:28:36,490 [INFO] PluginManage:196 - Search for loadable plugins [exclusion list=, ]
2025-06-28 13:28:36,491 [INFO] PluginManage:310 - Check plugin analytics
2025-06-28 13:28:37,208 [INFO] AnalyticsPlugin:253 - Accepted Software Licenses: 
2025-06-28 13:28:37,208 [INFO] AnalyticsPlugin:255 - Accepted CMSIS Pack Licenses: 
2025-06-28 13:28:37,209 [INFO] AnalyticsPlugin:257 - Accepted Firmware Licenses: FW.WB.1.22.0
2025-06-28 13:28:37,212 [INFO] PluginManage:359 - Loaded plugin analytics (category:tool,tabindex:-1)
2025-06-28 13:28:37,213 [INFO] PluginManage:310 - Check plugin cadmodel
2025-06-28 13:28:37,259 [INFO] CADModel:105 - Init CAD model plugin
2025-06-28 13:28:37,259 [INFO] PluginManage:359 - Loaded plugin cadmodel (category:power,tabindex:5)
2025-06-28 13:28:37,260 [INFO] PluginManage:310 - Check plugin clock
2025-06-28 13:28:37,341 [INFO] PluginManage:359 - Loaded plugin clock (category:base,tabindex:2)
2025-06-28 13:28:37,342 [INFO] PluginManage:310 - Check plugin ddr
2025-06-28 13:28:37,360 [INFO] PluginManage:359 - Loaded plugin ddr (category:tool,tabindex:6)
2025-06-28 13:28:37,361 [INFO] PluginManage:310 - Check plugin filemanager
2025-06-28 13:28:37,585 [INFO] PluginManage:359 - Loaded plugin filemanager (category:base,tabindex:10)
2025-06-28 13:28:37,585 [INFO] PluginManage:310 - Check plugin ipmanager
2025-06-28 13:28:37,626 [INFO] PluginManage:359 - Loaded plugin ipmanager (category:base,tabindex:5)
2025-06-28 13:28:37,626 [INFO] PluginManage:310 - Check plugin lpbam
2025-06-28 13:28:37,642 [INFO] PluginManage:359 - Loaded plugin lpbam (category:base,tabindex:0)
2025-06-28 13:28:37,642 [INFO] PluginManage:310 - Check plugin memorymap
2025-06-28 13:28:37,664 [INFO] PluginManage:359 - Loaded plugin memorymap (category:base,tabindex:4)
2025-06-28 13:28:37,664 [INFO] PluginManage:310 - Check plugin pinoutandconfiguration
2025-06-28 13:28:37,753 [INFO] PluginManage:359 - Loaded plugin pinoutandconfiguration (category:base,tabindex:1)
2025-06-28 13:28:37,753 [INFO] PluginManage:310 - Check plugin pinoutconfig
2025-06-28 13:28:37,900 [WARN] SupportedApi:132 - Cannot load RTOS API schema: s4s-elt-must-match.1: The content of 'definitions' must match (annotation?, (simpleType | complexType)?, (unique | key | keyref)*)). A problem was found starting at: attribute.
2025-06-28 13:28:38,142 [INFO] PluginManage:359 - Loaded plugin pinoutconfig (category:base,tabindex:0)
2025-06-28 13:28:38,143 [INFO] PluginManage:310 - Check plugin power
2025-06-28 13:28:38,249 [INFO] PluginManage:359 - Loaded plugin power (category:power,tabindex:4)
2025-06-28 13:28:38,249 [INFO] PluginManage:310 - Check plugin projectmanager
2025-06-28 13:28:38,282 [INFO] PluginManage:359 - Loaded plugin projectmanager (category:projectmanager,tabindex:4)
2025-06-28 13:28:38,283 [INFO] PluginManage:310 - Check plugin rif
2025-06-28 13:28:38,356 [INFO] PluginManage:359 - Loaded plugin rif (category:base,tabindex:3)
2025-06-28 13:28:38,356 [INFO] PluginManage:310 - Check plugin thirdparty
2025-06-28 13:28:38,657 [WARN] IntegrityCheckThread:84 - waiting for thirdparty lock release [integrity check]
2025-06-28 13:28:38,658 [INFO] PluginManage:359 - Loaded plugin thirdparty (category:base,tabindex:-1)
2025-06-28 13:28:38,658 [INFO] IntegrityCheckThread:86 - entering critical section [integrity check]
2025-06-28 13:28:38,658 [INFO] PluginManage:310 - Check plugin tools
2025-06-28 13:28:38,658 [INFO] ThirdPartyUpdaterWithRetryManager:70 - Updater plugin not ready yet. [1/15]
2025-06-28 13:28:38,696 [INFO] PluginManage:359 - Loaded plugin tools (category:base,tabindex:7)
2025-06-28 13:28:38,697 [INFO] PluginManage:310 - Check plugin tutovideos
2025-06-28 13:28:39,165 [INFO] PluginManage:359 - Loaded plugin tutovideos (category:base,tabindex:-1)
2025-06-28 13:28:39,165 [INFO] PluginManage:310 - Check plugin updater
2025-06-28 13:28:39,235 [INFO] PluginManage:359 - Loaded plugin updater (category:base,tabindex:12)
2025-06-28 13:28:39,235 [INFO] PluginManage:310 - Check plugin userauth
2025-06-28 13:28:39,247 [INFO] UserAuth:118 - Init User Auth plugin
2025-06-28 13:28:39,248 [INFO] PluginManage:359 - Loaded plugin userauth (category:base,tabindex:14)
2025-06-28 13:28:39,249 [INFO] PluginManage:283 - PluginManage : Loaded plugins [18]
2025-06-28 13:28:39,557 [INFO] PinOutPanel:1589 - setPackage(No Configuration,No Configuration)
2025-06-28 13:28:39,944 [INFO] CADModel:165 - CPN selected for project level
2025-06-28 13:28:39,944 [INFO] CADModel:114 - Register for checkConnection events
2025-06-28 13:28:40,011 [INFO] IPUIPlugin:80 - create IPUIPlugin
2025-06-28 13:28:40,011 [INFO] PluginManager:220 - loadIPPluginJar : add adc
2025-06-28 13:28:40,025 [INFO] IPUIPlugin:80 - create IPUIPlugin
2025-06-28 13:28:40,026 [INFO] PluginManager:220 - loadIPPluginJar : add aes
2025-06-28 13:28:40,039 [INFO] IPUIPlugin:80 - create IPUIPlugin
2025-06-28 13:28:40,040 [INFO] PluginManager:220 - loadIPPluginJar : add can
2025-06-28 13:28:40,055 [INFO] IPUIPlugin:80 - create IPUIPlugin
2025-06-28 13:28:40,055 [INFO] PluginManager:220 - loadIPPluginJar : add comp
2025-06-28 13:28:40,068 [INFO] IPUIPlugin:80 - create IPUIPlugin
2025-06-28 13:28:40,068 [INFO] PluginManager:220 - loadIPPluginJar : add cryp
2025-06-28 13:28:40,104 [INFO] IPUIPlugin:80 - create IPUIPlugin
2025-06-28 13:28:40,104 [INFO] PluginManager:220 - loadIPPluginJar : add ddr_ctrl_phy
2025-06-28 13:28:40,121 [INFO] IPUIPlugin:80 - create IPUIPlugin
2025-06-28 13:28:40,121 [INFO] PluginManager:220 - loadIPPluginJar : add dfsdm
2025-06-28 13:28:40,159 [INFO] IPUIPlugin:80 - create IPUIPlugin
2025-06-28 13:28:40,160 [INFO] PluginManager:220 - loadIPPluginJar : add dma
2025-06-28 13:28:40,165 [INFO] IPUIPlugin:80 - create IPUIPlugin
2025-06-28 13:28:40,166 [INFO] PluginManager:220 - loadIPPluginJar : add dma3
2025-06-28 13:28:40,180 [INFO] IPUIPlugin:80 - create IPUIPlugin
2025-06-28 13:28:40,180 [INFO] PluginManager:220 - loadIPPluginJar : add extmemmanager
2025-06-28 13:28:40,195 [INFO] IPUIPlugin:80 - create IPUIPlugin
2025-06-28 13:28:40,195 [INFO] PluginManager:220 - loadIPPluginJar : add fatfs
2025-06-28 13:28:40,209 [INFO] IPUIPlugin:80 - create IPUIPlugin
2025-06-28 13:28:40,210 [INFO] PluginManager:220 - loadIPPluginJar : add fmc
2025-06-28 13:28:40,240 [INFO] IPUIPlugin:80 - create IPUIPlugin
2025-06-28 13:28:40,241 [INFO] PluginManager:220 - loadIPPluginJar : add freertos
2025-06-28 13:28:40,251 [INFO] IPUIPlugin:80 - create IPUIPlugin
2025-06-28 13:28:40,251 [INFO] PluginManager:220 - loadIPPluginJar : add genericplugin
2025-06-28 13:28:40,267 [INFO] IPUIPlugin:80 - create IPUIPlugin
2025-06-28 13:28:40,267 [INFO] PluginManager:220 - loadIPPluginJar : add gfxmmu
2025-06-28 13:28:40,285 [INFO] IPUIPlugin:80 - create IPUIPlugin
2025-06-28 13:28:40,285 [INFO] PluginManager:220 - loadIPPluginJar : add gic
2025-06-28 13:28:40,319 [INFO] IPUIPlugin:80 - create IPUIPlugin
2025-06-28 13:28:40,319 [INFO] PluginManager:220 - loadIPPluginJar : add gpio
2025-06-28 13:28:40,338 [INFO] IPUIPlugin:80 - create IPUIPlugin
2025-06-28 13:28:40,338 [INFO] PluginManager:220 - loadIPPluginJar : add gtzc
2025-06-28 13:28:40,342 [INFO] IPUIPlugin:80 - create IPUIPlugin
2025-06-28 13:28:40,342 [INFO] PluginManager:220 - loadIPPluginJar : add hash
2025-06-28 13:28:40,346 [INFO] IPUIPlugin:80 - create IPUIPlugin
2025-06-28 13:28:40,346 [INFO] PluginManager:220 - loadIPPluginJar : add i2c
2025-06-28 13:28:40,359 [INFO] IPUIPlugin:80 - create IPUIPlugin
2025-06-28 13:28:40,360 [INFO] PluginManager:220 - loadIPPluginJar : add i2s
2025-06-28 13:28:40,364 [INFO] IPUIPlugin:80 - create IPUIPlugin
2025-06-28 13:28:40,364 [INFO] PluginManager:220 - loadIPPluginJar : add i3c
2025-06-28 13:28:40,399 [INFO] IPUIPlugin:80 - create IPUIPlugin
2025-06-28 13:28:40,399 [INFO] PluginManager:220 - loadIPPluginJar : add ipddr
2025-06-28 13:28:40,416 [INFO] IPUIPlugin:80 - create IPUIPlugin
2025-06-28 13:28:40,416 [INFO] PluginManager:220 - loadIPPluginJar : add linkedlist
2025-06-28 13:28:40,419 [INFO] IPUIPlugin:80 - create IPUIPlugin
2025-06-28 13:28:40,420 [INFO] PluginManager:220 - loadIPPluginJar : add lorawan
2025-06-28 13:28:40,438 [INFO] IPUIPlugin:80 - create IPUIPlugin
2025-06-28 13:28:40,438 [INFO] PluginManager:220 - loadIPPluginJar : add ltdc
2025-06-28 13:28:40,463 [INFO] IPUIPlugin:80 - create IPUIPlugin
2025-06-28 13:28:40,463 [INFO] PluginManager:220 - loadIPPluginJar : add mdma
2025-06-28 13:28:40,478 [INFO] IPUIPlugin:80 - create IPUIPlugin
2025-06-28 13:28:40,479 [INFO] PluginManager:220 - loadIPPluginJar : add nvic
2025-06-28 13:28:40,497 [INFO] IPUIPlugin:80 - create IPUIPlugin
2025-06-28 13:28:40,497 [INFO] PluginManager:220 - loadIPPluginJar : add opamp
2025-06-28 13:28:40,504 [INFO] IPUIPlugin:80 - create IPUIPlugin
2025-06-28 13:28:40,505 [INFO] PluginManager:220 - loadIPPluginJar : add openamp
2025-06-28 13:28:40,508 [INFO] IPUIPlugin:80 - create IPUIPlugin
2025-06-28 13:28:40,508 [INFO] PluginManager:220 - loadIPPluginJar : add pdm2pcm
2025-06-28 13:28:40,520 [INFO] IPUIPlugin:80 - create IPUIPlugin
2025-06-28 13:28:40,522 [INFO] PluginManager:220 - loadIPPluginJar : add plateformsettings
2025-06-28 13:28:40,534 [INFO] IPUIPlugin:80 - create IPUIPlugin
2025-06-28 13:28:40,534 [INFO] PluginManager:220 - loadIPPluginJar : add quadspi
2025-06-28 13:28:40,541 [INFO] IPUIPlugin:80 - create IPUIPlugin
2025-06-28 13:28:40,542 [INFO] PluginManager:220 - loadIPPluginJar : add radio
2025-06-28 13:28:40,578 [INFO] IPUIPlugin:80 - create IPUIPlugin
2025-06-28 13:28:40,579 [INFO] PluginManager:220 - loadIPPluginJar : add resmgrutility
2025-06-28 13:28:40,591 [INFO] IPUIPlugin:80 - create IPUIPlugin
2025-06-28 13:28:40,591 [INFO] PluginManager:220 - loadIPPluginJar : add sai
2025-06-28 13:28:40,593 [INFO] IPUIPlugin:80 - create IPUIPlugin
2025-06-28 13:28:40,594 [INFO] PluginManager:220 - loadIPPluginJar : add spi
2025-06-28 13:28:40,599 [INFO] IPUIPlugin:80 - create IPUIPlugin
2025-06-28 13:28:40,599 [INFO] PluginManager:220 - loadIPPluginJar : add stm32_wpan
2025-06-28 13:28:40,601 [INFO] IPUIPlugin:80 - create IPUIPlugin
2025-06-28 13:28:40,601 [INFO] PluginManager:220 - loadIPPluginJar : add tim
2025-06-28 13:28:40,604 [INFO] IPUIPlugin:80 - create IPUIPlugin
2025-06-28 13:28:40,605 [INFO] PluginManager:220 - loadIPPluginJar : add touchsensing
2025-06-28 13:28:40,607 [INFO] IPUIPlugin:80 - create IPUIPlugin
2025-06-28 13:28:40,607 [INFO] PluginManager:220 - loadIPPluginJar : add tracer_emb
2025-06-28 13:28:40,626 [INFO] IPUIPlugin:80 - create IPUIPlugin
2025-06-28 13:28:40,626 [INFO] PluginManager:220 - loadIPPluginJar : add ts
2025-06-28 13:28:40,627 [INFO] IPUIPlugin:80 - create IPUIPlugin
2025-06-28 13:28:40,628 [INFO] PluginManager:220 - loadIPPluginJar : add tsc
2025-06-28 13:28:40,629 [INFO] IPUIPlugin:80 - create IPUIPlugin
2025-06-28 13:28:40,629 [INFO] PluginManager:220 - loadIPPluginJar : add ucpd
2025-06-28 13:28:40,632 [INFO] IPUIPlugin:80 - create IPUIPlugin
2025-06-28 13:28:40,632 [INFO] PluginManager:220 - loadIPPluginJar : add usart
2025-06-28 13:28:40,648 [INFO] IPUIPlugin:80 - create IPUIPlugin
2025-06-28 13:28:40,648 [INFO] PluginManager:220 - loadIPPluginJar : add usbx
2025-06-28 13:28:40,758 [FATAL] Updater:351 - Updater called before beeing initialized
2025-06-28 13:28:40,790 [INFO] RulesReader:64 - Compatibility file has been processed (301 Rules)
2025-06-28 13:28:40,801 [INFO] RulesReader:64 - Compatibility file has been processed (301 Rules)
2025-06-28 13:28:40,808 [INFO] CADModel:165 - CPN selected for project level
2025-06-28 13:28:40,808 [INFO] CADModel:114 - Register for checkConnection events
2025-06-28 13:28:40,808 [FATAL] Updater:351 - Updater called before beeing initialized
2025-06-28 13:28:40,808 [ERROR] CADModel:125 - Updater not yet initialized, retry later 
2025-06-28 13:28:40,941 [FATAL] Updater:351 - Updater called before beeing initialized
2025-06-28 13:28:40,942 [INFO] CADModel:165 - CPN selected for project level
2025-06-28 13:28:40,943 [INFO] CADModel:114 - Register for checkConnection events
2025-06-28 13:28:40,943 [FATAL] Updater:351 - Updater called before beeing initialized
2025-06-28 13:28:40,943 [ERROR] CADModel:125 - Updater not yet initialized, retry later 
2025-06-28 13:28:40,946 [FATAL] Updater:351 - Updater called before beeing initialized
2025-06-28 13:28:41,080 [FATAL] Updater:351 - Updater called before beeing initialized
2025-06-28 13:28:41,084 [INFO] DbMcusAds:53 - JSON generation date=Thu Jun 19 09:32:34 WEST 2025 (1750321954415)
2025-06-28 13:28:41,084 [FATAL] Updater:351 - Updater called before beeing initialized
2025-06-28 13:28:41,124 [WARN] DetailPanel:346 - Failed to get advertising image, set to default
2025-06-28 13:28:41,414 [FATAL] Updater:351 - Updater called before beeing initialized
2025-06-28 13:28:41,416 [FATAL] Updater:351 - Updater called before beeing initialized
2025-06-28 13:28:41,417 [FATAL] Updater:351 - Updater called before beeing initialized
2025-06-28 13:28:41,417 [WARN] DetailPanel:346 - Failed to get advertising image, set to default
2025-06-28 13:28:41,418 [FATAL] Updater:351 - Updater called before beeing initialized
2025-06-28 13:28:41,507 [ERROR] Updater:1198 - MainUpdater not yet initialized. External WinMGr cannot be set.
2025-06-28 13:28:41,530 [INFO] Updater:1134 - Updater Version found : 6.14.0
2025-06-28 13:28:41,565 [INFO] ApplicationProperties:184 - Using Application install path: /opt/st/stm32cubeide_1.18.0/plugins/com.st.stm32cube.common.mx_6.14.0.202502271554
2025-06-28 13:28:41,659 [INFO] ThirdPartyUpdaterWithRetryManager:70 - Updater plugin not ready yet. [2/15]
2025-06-28 13:28:43,326 [INFO] MainUpdater:2872 - connection check result : 10
2025-06-28 13:28:43,327 [INFO] MainUpdater:289 - Updater Check For Update Now.
2025-06-28 13:28:43,327 [INFO] MicroXplorer:498 - Change Database Version : DB.6.0.140
2025-06-28 13:28:43,368 [INFO] McuFinderGlobals:63 - Set McuFinder mode to 2 (CubeIDE integrated)
2025-06-28 13:28:43,428 [INFO] UserAuth:486 - Internet connection configuration mode: 1
2025-06-28 13:28:43,570 [INFO] JxBrowserEngine:152 - Initiate JxBrowser Engine with user profile folder
2025-06-28 13:28:43,703 [INFO] CheckServerUpdateThread:120 - End of CheckServer Thread
2025-06-28 13:28:45,257 [WARN] PackLoader:240 - Cannot read IP mode file for STMicroelectronics.FP-SNS-MOTENVWB1.1.4.0
2025-06-28 13:28:45,300 [WARN] PackLoader:240 - Cannot read IP mode file for STMicroelectronics.X-CUBE-SMBUS.2.1.0
2025-06-28 13:28:45,317 [WARN] PackLoader:240 - Cannot read IP mode file for STMicroelectronics.X-CUBE-WB05N.1.1.0
2025-06-28 13:28:45,348 [WARN] PackLoader:240 - Cannot read IP mode file for STMicroelectronics.X-CUBE-ST60.1.0.0
2025-06-28 13:28:45,419 [WARN] PackLoader:240 - Cannot read IP mode file for STMicroelectronics.X-CUBE-AZRTOS-F7.1.1.0
2025-06-28 13:28:45,512 [WARN] PackLoader:240 - Cannot read IP mode file for Infineon.AIROC-Wi-Fi-Bluetooth-STM32.1.7.0
2025-06-28 13:28:45,699 [WARN] PackLoader:240 - Cannot read IP mode file for STMicroelectronics.X-CUBE-DISPLAY.3.0.0
2025-06-28 13:28:45,780 [WARN] PackLoader:240 - Cannot read IP mode file for STMicroelectronics.X-CUBE-NFC10.1.0.0
2025-06-28 13:28:45,968 [WARN] PackLoader:240 - Cannot read IP mode file for STMicroelectronics.X-CUBE-BLEMGR.4.0.0
2025-06-28 13:28:46,028 [WARN] PackLoader:240 - Cannot read IP mode file for emotas.I-CUBE-CANOPEN.1.3.0
2025-06-28 13:28:46,247 [WARN] ConditionMgr:438 - getConditionDescription Invalid condition id : Cortex-A Device cause : null
2025-06-28 13:28:46,416 [WARN] ConditionMgr:1044 - genDependencies : Invalid condition id : Cortex-A Device cause : null
2025-06-28 13:28:46,416 [WARN] ConditionMgr:1044 - genDependencies : Invalid condition id : Cortex-A Device cause : null
2025-06-28 13:28:46,417 [WARN] ConditionMgr:1044 - genDependencies : Invalid condition id : Cortex-A Device cause : null
2025-06-28 13:28:47,537 [WARN] PackLoader:240 - Cannot read IP mode file for STMicroelectronics.X-CUBE-AI.10.0.0
2025-06-28 13:28:48,043 [WARN] PackLoader:240 - Cannot read IP mode file for STMicroelectronics.FP-SNS-SMARTAG2.1.2.0
2025-06-28 13:28:48,423 [INFO] WebApp:169 - Instantiating new browser for Auth
2025-06-28 13:28:48,738 [WARN] PackLoader:240 - Cannot read IP mode file for STMicroelectronics.X-CUBE-MEMS1.11.1.0
2025-06-28 13:28:49,108 [INFO] LogOutputStream:77 - [STDOUT_REDIRECT] 1 : Invalid condition id : UX_CORESTACK_Condition cause : null
2025-06-28 13:28:49,109 [INFO] LogOutputStream:77 - [STDOUT_REDIRECT] 1 : Invalid condition id : UX_CORESTACK_Condition cause : null
2025-06-28 13:28:49,110 [INFO] LogOutputStream:77 - [STDOUT_REDIRECT] 1 : Invalid condition id : UX_CORESTACK_Condition cause : null
2025-06-28 13:28:49,110 [INFO] LogOutputStream:77 - [STDOUT_REDIRECT] 1 : Invalid condition id : UX_CORESTACK_Condition cause : null
2025-06-28 13:28:49,111 [INFO] LogOutputStream:77 - [STDOUT_REDIRECT] 1 : Invalid condition id : UX_CORESTACK_Condition cause : null
2025-06-28 13:28:49,114 [WARN] PackLoader:240 - Cannot read IP mode file for STMicroelectronics.X-CUBE-AZRTOS-WL.2.0.0
2025-06-28 13:28:49,567 [WARN] PackLoader:240 - Cannot read IP mode file for STMicroelectronics.FP-SNS-MOTENV1.5.0.0
2025-06-28 13:28:49,621 [WARN] PackLoader:240 - Cannot read IP mode file for WES.I-CUBE-Cesium.1.3.0
2025-06-28 13:28:49,783 [WARN] PackLoader:240 - Cannot read IP mode file for STMicroelectronics.X-CUBE-BLE2.3.3.0
2025-06-28 13:28:49,843 [WARN] PackLoader:240 - Cannot read IP mode file for STMicroelectronics.X-CUBE-NFC9.1.0.0
2025-06-28 13:28:50,050 [INFO] WebApp:463 - Apply proxy settings
2025-06-28 13:28:50,051 [INFO] WebApp:548 - Chromium requires no authentication
2025-06-28 13:28:50,057 [INFO] WebApp:491 - Direct internet connection detected
2025-06-28 13:28:50,079 [INFO] WebApp:894 - Register for checkConnection events
2025-06-28 13:28:50,079 [INFO] WebApp:463 - Apply proxy settings
2025-06-28 13:28:50,079 [INFO] WebApp:548 - Chromium requires no authentication
2025-06-28 13:28:50,080 [INFO] WebApp:491 - Direct internet connection detected
2025-06-28 13:28:50,093 [WARN] PackLoader:240 - Cannot read IP mode file for wolfSSL.I-CUBE-wolfMQTT.1.19.2
2025-06-28 13:28:50,220 [WARN] PackLoader:240 - Cannot read IP mode file for STMicroelectronics.X-CUBE-AI.10.1.0
2025-06-28 13:28:50,260 [INFO] WebApp:225 - Starting web application
2025-06-28 13:28:50,261 [INFO] WebApp:593 - Web application path used /opt/st/stm32cubeide_1.18.0/plugins/com.st.stm32cube.common.mx_6.14.0.202502271554/db/plugins/mcufinder/reactClient1/index.html
2025-06-28 13:28:50,450 [WARN] PackLoader:240 - Cannot read IP mode file for STMicroelectronics.X-CUBE-MEMS1.11.2.0
2025-06-28 13:28:50,646 [WARN] PackLoader:240 - Cannot read IP mode file for STMicroelectronics.X-CUBE-AZRTOS-G0.1.1.0
2025-06-28 13:28:50,734 [WARN] PackLoader:240 - Cannot read IP mode file for STMicroelectronics.X-CUBE-SAFEA1.1.2.2
2025-06-28 13:28:50,769 [WARN] PackLoader:240 - Cannot read IP mode file for STMicroelectronics.X-CUBE-NFC4.3.0.0
2025-06-28 13:28:50,900 [WARN] PackLoader:240 - Cannot read IP mode file for EmbeddedOffice.I-CUBE-FS-RTOS.1.0.1
2025-06-28 13:28:51,030 [WARN] PackLoader:240 - Cannot read IP mode file for STMicroelectronics.X-CUBE-WB05N.2.0.0
2025-06-28 13:28:51,095 [WARN] PackLoader:240 - Cannot read IP mode file for wolfSSL.I-CUBE-wolfTPM.3.8.0
2025-06-28 13:28:51,177 [WARN] PackLoader:240 - Cannot read IP mode file for STMicroelectronics.X-CUBE-TCPP.4.2.0
2025-06-28 13:28:51,361 [WARN] PackLoader:240 - Cannot read IP mode file for RealThread.X-CUBE-RT-Thread_Nano.4.1.1
2025-06-28 13:28:51,505 [WARN] PackLoader:240 - Cannot read IP mode file for STMicroelectronics.FP-ATR-SIGFOX1.3.2.0
2025-06-28 13:28:51,598 [WARN] PackLoader:240 - Cannot read IP mode file for STMicroelectronics.X-CUBE-EEPRMA1.5.1.0
2025-06-28 13:28:51,685 [WARN] PackLoader:240 - Cannot read IP mode file for wolfSSL.I-CUBE-wolfSSL.5.7.6
2025-06-28 13:28:51,716 [WARN] PackLoader:240 - Cannot read IP mode file for ITTIA_DB.I-CUBE-ITTIADB.8.9.0
2025-06-28 13:28:51,857 [WARN] PackLoader:240 - Cannot read IP mode file for STMicroelectronics.X-CUBE-ST67W61.1.0.0
2025-06-28 13:28:51,922 [WARN] PackLoader:240 - Cannot read IP mode file for SEGGER.I-CUBE-embOS.1.3.1
2025-06-28 13:28:51,980 [WARN] PackLoader:240 - Cannot read IP mode file for STMicroelectronics.X-CUBE-ALGOBUILD.1.4.0
2025-06-28 13:28:52,245 [WARN] PackLoader:240 - Cannot read IP mode file for STMicroelectronics.X-CUBE-MEMS1.11.3.0
2025-06-28 13:28:52,480 [WARN] PackLoader:240 - Cannot read IP mode file for STMicroelectronics.X-CUBE-PM33A1.1.0.0
2025-06-28 13:28:52,730 [WARN] PackLoader:240 - Cannot read IP mode file for STMicroelectronics.X-CUBE-AZRTOS-F4.1.1.0
2025-06-28 13:28:52,735 [WARN] PackLoader:240 - Cannot read IP mode file for Avnet-IotConnect.X-CUBE-IoTC-DA16k-PMOD.1.0.0
2025-06-28 13:28:52,847 [WARN] PackLoader:240 - Cannot read IP mode file for STMicroelectronics.X-CUBE-ISPU.2.1.0
2025-06-28 13:28:53,241 [WARN] PackLoader:240 - Cannot read IP mode file for STMicroelectronics.X-CUBE-AZRTOS-L5.2.0.0
2025-06-28 13:28:53,463 [WARN] PackLoader:240 - Cannot read IP mode file for STMicroelectronics.X-CUBE-NFC6.3.1.0
2025-06-28 13:28:53,569 [WARN] PackLoader:240 - Cannot read IP mode file for STMicroelectronics.X-CUBE-DPower.1.2.0
2025-06-28 13:28:53,686 [WARN] PackLoader:240 - Cannot read IP mode file for STMicroelectronics.X-CUBE-FREERTOS.1.3.1
2025-06-28 13:28:53,813 [WARN] PackLoader:240 - Cannot read IP mode file for STMicroelectronics.X-CUBE-FREERTOS.1.3.0
2025-06-28 13:28:53,857 [WARN] PackLoader:240 - Cannot read IP mode file for STMicroelectronics.X-CUBE-NFC7.1.0.1
2025-06-28 13:28:53,928 [WARN] PackLoader:240 - Cannot read IP mode file for STMicroelectronics.FP-SNS-STAIOTCFT.1.0.0
2025-06-28 13:28:53,993 [WARN] PackLoader:240 - Cannot read IP mode file for STMicroelectronics.X-CUBE-DPower.1.3.0
2025-06-28 13:28:54,328 [WARN] ConditionMgr:438 - getConditionDescription Invalid condition id : LAN8742 Phy interface Condition cause : null
2025-06-28 13:28:54,329 [WARN] PackLoader:240 - Cannot read IP mode file for STMicroelectronics.X-CUBE-AZRTOS-L4.2.0.0
2025-06-28 13:28:54,330 [WARN] ConditionMgr:1044 - genDependencies : Invalid condition id : LAN8742 Phy interface Condition cause : null
2025-06-28 13:28:54,330 [WARN] ConditionMgr:1044 - genDependencies : Invalid condition id : LAN8742 Phy interface Condition cause : null
2025-06-28 13:28:54,331 [WARN] ConditionMgr:1044 - genDependencies : Invalid condition id : LAN8742 Phy interface Condition cause : null
2025-06-28 13:28:54,484 [WARN] PackLoader:240 - Cannot read IP mode file for STMicroelectronics.X-CUBE-SFXS2LP1.4.0.0
2025-06-28 13:28:54,777 [WARN] PackLoader:240 - Cannot read IP mode file for STMicroelectronics.X-CUBE-AZRTOS-H7.3.3.0
2025-06-28 13:28:55,009 [WARN] ConditionMgr:438 - getConditionDescription Invalid condition id : UX DEVICE CLASS RTOS Condition cause : null
2025-06-28 13:28:55,009 [WARN] ConditionMgr:438 - getConditionDescription Invalid condition id : UX DEVICE CLASS RTOS Condition cause : null
2025-06-28 13:28:55,010 [WARN] PackLoader:240 - Cannot read IP mode file for STMicroelectronics.X-CUBE-AZRTOS-WB.2.0.0
2025-06-28 13:28:55,011 [WARN] ConditionMgr:1044 - genDependencies : Invalid condition id : UX DEVICE CLASS RTOS Condition cause : null
2025-06-28 13:28:55,011 [WARN] ConditionMgr:1044 - genDependencies : Invalid condition id : UX DEVICE CLASS RTOS Condition cause : null
2025-06-28 13:28:55,011 [WARN] ConditionMgr:1044 - genDependencies : Invalid condition id : UX DEVICE CLASS RTOS Condition cause : null
2025-06-28 13:28:55,011 [WARN] ConditionMgr:1044 - genDependencies : Invalid condition id : UX DEVICE CLASS RTOS Condition cause : null
2025-06-28 13:28:55,011 [WARN] ConditionMgr:1044 - genDependencies : Invalid condition id : UX DEVICE CLASS RTOS Condition cause : null
2025-06-28 13:28:55,168 [WARN] PackLoader:240 - Cannot read IP mode file for STMicroelectronics.X-CUBE-GNSS1.7.0.1
2025-06-28 13:28:55,223 [WARN] PackLoader:240 - Cannot read IP mode file for STMicroelectronics.X-CUBE-TOUCHGFX.4.25.0
2025-06-28 13:28:55,389 [WARN] PackLoader:240 - Cannot read IP mode file for STMicroelectronics.FP-SNS-STBOX1.2.0.0
2025-06-28 13:28:55,491 [WARN] PackLoader:240 - Cannot read IP mode file for STMicroelectronics.X-CUBE-SUBG2.5.0.0
2025-06-28 13:28:55,568 [INFO] WebApp:191 - Connection restablished
2025-06-28 13:28:55,749 [WARN] PackLoader:240 - Cannot read IP mode file for STMicroelectronics.X-CUBE-AZRTOS-H7RS.1.1.0
2025-06-28 13:28:55,768 [WARN] PackLoader:240 - Cannot read IP mode file for Cesanta.I-CUBE-Mongoose.7.13.0
2025-06-28 13:28:56,058 [WARN] PackLoader:240 - Cannot read IP mode file for STMicroelectronics.X-CUBE-AZRTOS-G4.2.0.0
2025-06-28 13:28:56,119 [WARN] PackLoader:240 - Cannot read IP mode file for wolfSSL.I-CUBE-wolfSSH.1.4.20
2025-06-28 13:28:56,177 [WARN] PackLoader:240 - Cannot read IP mode file for STMicroelectronics.X-CUBE-NFC7.2.0.0
2025-06-28 13:28:56,265 [WARN] PackLoader:240 - Cannot read IP mode file for STMicroelectronics.X-CUBE-IPS.3.1.0
2025-06-28 13:28:56,474 [WARN] PackLoader:240 - Cannot read IP mode file for STMicroelectronics.X-CUBE-ALS.1.0.2
2025-06-28 13:28:56,516 [WARN] PackLoader:240 - Cannot read IP mode file for portGmbH.I-Cube-SoM-uGOAL.1.1.0
2025-06-28 13:28:56,644 [WARN] PackLoader:240 - Cannot read IP mode file for STMicroelectronics.X-CUBE-TOF1.3.4.2
2025-06-28 13:28:56,795 [WARN] PackLoader:240 - Cannot read IP mode file for STMicroelectronics.X-CUBE-TOF1.3.4.3
2025-06-28 13:28:56,807 [INFO] ThirdParty:978 - Integrity check success = true
2025-06-28 13:28:56,807 [INFO] IntegrityCheckThread:100 - exiting critical section [integrity check]
2025-06-28 13:28:56,807 [INFO] IntegrityCheckThread:103 - End integrity checks thread
2025-06-28 13:28:59,278 [INFO] UserAuth:486 - Internet connection configuration mode: 1
2025-06-28 14:04:20,424 [INFO] WebApp:194 - Connection lost
2025-06-28 14:04:24,639 [INFO] WebApp:191 - Connection restablished
2025-06-28 14:06:59,177 [INFO] LogOutputStream:77 - [STDOUT_REDIRECT] StartTraceHandler.execute(), success : Collect=true
2025-06-28 14:06:59,999 [INFO] LogOutputStream:77 - [STDOUT_REDIRECT] StartTraceHandler.execute(), success : Collect=false
2025-06-28 14:07:05,889 [INFO] LogOutputStream:77 - [STDOUT_REDIRECT] StartTraceHandler.execute(), success : Collect=true
2025-06-28 14:07:07,667 [INFO] LogOutputStream:77 - [STDOUT_REDIRECT] StartTraceHandler.execute(), success : Collect=false
2025-06-28 14:08:35,930 [INFO] LogOutputStream:77 - [STDOUT_REDIRECT] StartTraceHandler.execute(), success : Collect=true
2025-06-28 14:54:01,529 [ERROR] LogOutputStream:75 - [STDERR_REDIRECT] 
